This file contains any messages produced by compilers while
running configure, to aid debugging if configure makes a mistake.

It was created by RASPA configure 2.0, which was
generated by GNU Autoconf 2.69.  Invocation command line was

  $ ./configure --prefix=

## --------- ##
## Platform. ##
## --------- ##

hostname = crcfe02.crc.nd.edu
uname -m = x86_64
uname -r = 3.10.0-1127.18.2.el7.x86_64
uname -s = Linux
uname -v = #1 SMP Mon Jul 20 22:32:16 UTC 2020

/usr/bin/uname -p = x86_64
/bin/uname -X     = unknown

/bin/arch              = x86_64
/usr/bin/arch -k       = unknown
/usr/convex/getsysinfo = unknown
/usr/bin/hostinfo      = unknown
/bin/machine           = unknown
/usr/bin/oslevel       = unknown
/bin/universe          = unknown

PATH: /opt/crc/p/python/3.7.3/gcc/bin
PATH: /opt/crc/g/gdb/8.3/gcc/8.3.0/bin
PATH: /opt/crc/g/gcc/8.3.0/bin
PATH: /afs/crc.nd.edu/x86_64_linux/t/tcltk/8.6.8/bin
PATH: /afs/crc.nd.edu/x86_64_linux/Modules/4.5.0/bin
PATH: /opt/crc/usr/local/bin
PATH: /opt/sge/bin/lx-amd64
PATH: /usr/local/bin
PATH: /usr/bin
PATH: /usr/local/sbin
PATH: /usr/sbin
PATH: /afs/crc.nd.edu/user/c/condor/software/bin
PATH: /afs/crc.nd.edu/user/c/condor/software/sbin
PATH: /scratch365/kmukherj/Molecular_Modeling/Lammps/mcmd/
PATH: /afs/crc.nd.edu/user/k/kmukherj/bin


## ----------- ##
## Core tests. ##
## ----------- ##

configure:2470: checking for a BSD-compatible install
configure:2538: result: /usr/bin/install -c
configure:2549: checking whether build environment is sane
configure:2604: result: yes
configure:2755: checking for a thread-safe mkdir -p
configure:2794: result: /usr/bin/mkdir -p
configure:2801: checking for gawk
configure:2817: found /usr/bin/gawk
configure:2828: result: gawk
configure:2839: checking whether make sets $(MAKE)
configure:2861: result: yes
configure:2890: checking whether make supports nested variables
configure:2907: result: yes
configure:3004: checking for style of include used by make
configure:3032: result: GNU
configure:3103: checking for gcc
configure:3119: found /opt/crc/g/gcc/8.3.0/bin/gcc
configure:3130: result: gcc
configure:3359: checking for C compiler version
configure:3368: gcc --version >&5
gcc (GCC) 8.3.0
Copyright (C) 2018 Free Software Foundation, Inc.
This is free software; see the source for copying conditions.  There is NO
warranty; not even for MERCHANTABILITY or FITNESS FOR A PARTICULAR PURPOSE.

configure:3379: $? = 0
configure:3368: gcc -v >&5
Using built-in specs.
COLLECT_GCC=gcc
COLLECT_LTO_WRAPPER=/afs/crc.nd.edu/x86_64_linux/g/gcc/8.3.0/bin/../libexec/gcc/x86_64-pc-linux-gnu/8.3.0/lto-wrapper
Target: x86_64-pc-linux-gnu
Configured with: ./configure --prefix=/opt/crc/g/gcc/8.3.0 --with-mpc=/opt/crc/m/mpc/1.0.3/gcc/4.8.5 --with-mpfr=/opt/crc/m/mpfr/3.1.5/gcc/4.8.5 --with-gmp=/opt/crc/g/gmp/6.1.2/gcc/4.8.5 --with-isl=/opt/crc/i/isl/0.18/gcc/4.8.5 --disable-multilib --enable-lto
Thread model: posix
gcc version 8.3.0 (GCC) 
configure:3379: $? = 0
configure:3368: gcc -V >&5
gcc: error: unrecognized command line option '-V'
gcc: fatal error: no input files
compilation terminated.
configure:3379: $? = 1
configure:3368: gcc -qversion >&5
gcc: error: unrecognized command line option '-qversion'; did you mean '--version'?
gcc: fatal error: no input files
compilation terminated.
configure:3379: $? = 1
configure:3399: checking whether the C compiler works
configure:3421: gcc    conftest.c  >&5
configure:3425: $? = 0
configure:3473: result: yes
configure:3476: checking for C compiler default output file name
configure:3478: result: a.out
configure:3484: checking for suffix of executables
configure:3491: gcc -o conftest    conftest.c  >&5
configure:3495: $? = 0
configure:3517: result: 
configure:3539: checking whether we are cross compiling
configure:3547: gcc -o conftest    conftest.c  >&5
configure:3551: $? = 0
configure:3558: ./conftest
configure:3562: $? = 0
configure:3577: result: no
configure:3582: checking for suffix of object files
configure:3604: gcc -c   conftest.c >&5
configure:3608: $? = 0
configure:3629: result: o
configure:3633: checking whether we are using the GNU C compiler
configure:3652: gcc -c   conftest.c >&5
configure:3652: $? = 0
configure:3661: result: yes
configure:3670: checking whether gcc accepts -g
configure:3690: gcc -c -g  conftest.c >&5
configure:3690: $? = 0
configure:3731: result: yes
configure:3748: checking for gcc option to accept ISO C89
configure:3811: gcc  -c -g -O2  conftest.c >&5
configure:3811: $? = 0
configure:3824: result: none needed
configure:3846: checking dependency style of gcc
configure:3957: result: gcc3
configure:3973: checking for library containing ddot_
configure:4004: gcc -o conftest -g -O2   conftest.c  >&5
/tmp/ccFxDYFW.o: In function `main':
/afs/crc.nd.edu/user/k/kmukherj/raspa2/conftest.c:22: undefined reference to `ddot_'
collect2: error: ld returned 1 exit status
configure:4004: $? = 1
configure: failed program was:
| /* confdefs.h */
| #define PACKAGE_NAME "RASPA"
| #define PACKAGE_TARNAME "raspa"
| #define PACKAGE_VERSION "2.0"
| #define PACKAGE_STRING "RASPA 2.0"
| #define PACKAGE_BUGREPORT ""
| #define PACKAGE_URL ""
| #define PACKAGE "raspa"
| #define VERSION "2.0"
| /* end confdefs.h.  */
| 
| /* Override any GCC internal prototype to avoid an error.
|    Use char because int might match the return type of a GCC
|    builtin and then its argument prototype would still apply.  */
| #ifdef __cplusplus
| extern "C"
| #endif
| char ddot_ ();
| int
| main ()
| {
| return ddot_ ();
|   ;
|   return 0;
| }
configure:4004: gcc -o conftest -g -O2   conftest.c -lblas   >&5
/usr/bin/ld: cannot find -lblas
collect2: error: ld returned 1 exit status
configure:4004: $? = 1
configure: failed program was:
| /* confdefs.h */
| #define PACKAGE_NAME "RASPA"
| #define PACKAGE_TARNAME "raspa"
| #define PACKAGE_VERSION "2.0"
| #define PACKAGE_STRING "RASPA 2.0"
| #define PACKAGE_BUGREPORT ""
| #define PACKAGE_URL ""
| #define PACKAGE "raspa"
| #define VERSION "2.0"
| /* end confdefs.h.  */
| 
| /* Override any GCC internal prototype to avoid an error.
|    Use char because int might match the return type of a GCC
|    builtin and then its argument prototype would still apply.  */
| #ifdef __cplusplus
| extern "C"
| #endif
| char ddot_ ();
| int
| main ()
| {
| return ddot_ ();
|   ;
|   return 0;
| }
configure:4021: result: no
configure:4029: checking for library containing dsyevd_
configure:4060: gcc -o conftest -g -O2   conftest.c  >&5
/tmp/ccIV8EDc.o: In function `main':
/afs/crc.nd.edu/user/k/kmukherj/raspa2/conftest.c:22: undefined reference to `dsyevd_'
collect2: error: ld returned 1 exit status
configure:4060: $? = 1
configure: failed program was:
| /* confdefs.h */
| #define PACKAGE_NAME "RASPA"
| #define PACKAGE_TARNAME "raspa"
| #define PACKAGE_VERSION "2.0"
| #define PACKAGE_STRING "RASPA 2.0"
| #define PACKAGE_BUGREPORT ""
| #define PACKAGE_URL ""
| #define PACKAGE "raspa"
| #define VERSION "2.0"
| /* end confdefs.h.  */
| 
| /* Override any GCC internal prototype to avoid an error.
|    Use char because int might match the return type of a GCC
|    builtin and then its argument prototype would still apply.  */
| #ifdef __cplusplus
| extern "C"
| #endif
| char dsyevd_ ();
| int
| main ()
| {
| return dsyevd_ ();
|   ;
|   return 0;
| }
configure:4060: gcc -o conftest -g -O2   conftest.c -llapack   >&5
/usr/bin/ld: cannot find -llapack
collect2: error: ld returned 1 exit status
configure:4060: $? = 1
configure: failed program was:
| /* confdefs.h */
| #define PACKAGE_NAME "RASPA"
| #define PACKAGE_TARNAME "raspa"
| #define PACKAGE_VERSION "2.0"
| #define PACKAGE_STRING "RASPA 2.0"
| #define PACKAGE_BUGREPORT ""
| #define PACKAGE_URL ""
| #define PACKAGE "raspa"
| #define VERSION "2.0"
| /* end confdefs.h.  */
| 
| /* Override any GCC internal prototype to avoid an error.
|    Use char because int might match the return type of a GCC
|    builtin and then its argument prototype would still apply.  */
| #ifdef __cplusplus
| extern "C"
| #endif
| char dsyevd_ ();
| int
| main ()
| {
| return dsyevd_ ();
|   ;
|   return 0;
| }
configure:4077: result: no
configure:4092: checking for library containing fftw_plan_dft_r2c_1d
configure:4123: gcc -o conftest -g -O2   conftest.c  >&5
/tmp/ccbS4kJp.o: In function `main':
/afs/crc.nd.edu/user/k/kmukherj/raspa2/conftest.c:22: undefined reference to `fftw_plan_dft_r2c_1d'
collect2: error: ld returned 1 exit status
configure:4123: $? = 1
configure: failed program was:
| /* confdefs.h */
| #define PACKAGE_NAME "RASPA"
| #define PACKAGE_TARNAME "raspa"
| #define PACKAGE_VERSION "2.0"
| #define PACKAGE_STRING "RASPA 2.0"
| #define PACKAGE_BUGREPORT ""
| #define PACKAGE_URL ""
| #define PACKAGE "raspa"
| #define VERSION "2.0"
| /* end confdefs.h.  */
| 
| /* Override any GCC internal prototype to avoid an error.
|    Use char because int might match the return type of a GCC
|    builtin and then its argument prototype would still apply.  */
| #ifdef __cplusplus
| extern "C"
| #endif
| char fftw_plan_dft_r2c_1d ();
| int
| main ()
| {
| return fftw_plan_dft_r2c_1d ();
|   ;
|   return 0;
| }
configure:4123: gcc -o conftest -g -O2   conftest.c -lfftw3   >&5
/usr/bin/ld: cannot find -lfftw3
collect2: error: ld returned 1 exit status
configure:4123: $? = 1
configure: failed program was:
| /* confdefs.h */
| #define PACKAGE_NAME "RASPA"
| #define PACKAGE_TARNAME "raspa"
| #define PACKAGE_VERSION "2.0"
| #define PACKAGE_STRING "RASPA 2.0"
| #define PACKAGE_BUGREPORT ""
| #define PACKAGE_URL ""
| #define PACKAGE "raspa"
| #define VERSION "2.0"
| /* end confdefs.h.  */
| 
| /* Override any GCC internal prototype to avoid an error.
|    Use char because int might match the return type of a GCC
|    builtin and then its argument prototype would still apply.  */
| #ifdef __cplusplus
| extern "C"
| #endif
| char fftw_plan_dft_r2c_1d ();
| int
| main ()
| {
| return fftw_plan_dft_r2c_1d ();
|   ;
|   return 0;
| }
configure:4140: result: no
configure:4203: checking for gcc
configure:4230: result: gcc
configure:4459: checking for C compiler version
configure:4468: gcc --version >&5
gcc (GCC) 8.3.0
Copyright (C) 2018 Free Software Foundation, Inc.
This is free software; see the source for copying conditions.  There is NO
warranty; not even for MERCHANTABILITY or FITNESS FOR A PARTICULAR PURPOSE.

configure:4479: $? = 0
configure:4468: gcc -v >&5
Using built-in specs.
COLLECT_GCC=gcc
COLLECT_LTO_WRAPPER=/afs/crc.nd.edu/x86_64_linux/g/gcc/8.3.0/bin/../libexec/gcc/x86_64-pc-linux-gnu/8.3.0/lto-wrapper
Target: x86_64-pc-linux-gnu
Configured with: ./configure --prefix=/opt/crc/g/gcc/8.3.0 --with-mpc=/opt/crc/m/mpc/1.0.3/gcc/4.8.5 --with-mpfr=/opt/crc/m/mpfr/3.1.5/gcc/4.8.5 --with-gmp=/opt/crc/g/gmp/6.1.2/gcc/4.8.5 --with-isl=/opt/crc/i/isl/0.18/gcc/4.8.5 --disable-multilib --enable-lto
Thread model: posix
gcc version 8.3.0 (GCC) 
configure:4479: $? = 0
configure:4468: gcc -V >&5
gcc: error: unrecognized command line option '-V'
gcc: fatal error: no input files
compilation terminated.
configure:4479: $? = 1
configure:4468: gcc -qversion >&5
gcc: error: unrecognized command line option '-qversion'; did you mean '--version'?
gcc: fatal error: no input files
compilation terminated.
configure:4479: $? = 1
configure:4483: checking whether we are using the GNU C compiler
configure:4511: result: yes
configure:4520: checking whether gcc accepts -g
configure:4581: result: yes
configure:4598: checking for gcc option to accept ISO C89
configure:4674: result: none needed
configure:4696: checking dependency style of gcc
configure:4807: result: gcc3
configure:4880: checking for g++
configure:4896: found /opt/crc/g/gcc/8.3.0/bin/g++
configure:4907: result: g++
configure:4934: checking for C++ compiler version
configure:4943: g++ --version >&5
g++ (GCC) 8.3.0
Copyright (C) 2018 Free Software Foundation, Inc.
This is free software; see the source for copying conditions.  There is NO
warranty; not even for MERCHANTABILITY or FITNESS FOR A PARTICULAR PURPOSE.

configure:4954: $? = 0
configure:4943: g++ -v >&5
Using built-in specs.
COLLECT_GCC=g++
COLLECT_LTO_WRAPPER=/afs/crc.nd.edu/x86_64_linux/g/gcc/8.3.0/bin/../libexec/gcc/x86_64-pc-linux-gnu/8.3.0/lto-wrapper
Target: x86_64-pc-linux-gnu
Configured with: ./configure --prefix=/opt/crc/g/gcc/8.3.0 --with-mpc=/opt/crc/m/mpc/1.0.3/gcc/4.8.5 --with-mpfr=/opt/crc/m/mpfr/3.1.5/gcc/4.8.5 --with-gmp=/opt/crc/g/gmp/6.1.2/gcc/4.8.5 --with-isl=/opt/crc/i/isl/0.18/gcc/4.8.5 --disable-multilib --enable-lto
Thread model: posix
gcc version 8.3.0 (GCC) 
configure:4954: $? = 0
configure:4943: g++ -V >&5
g++: error: unrecognized command line option '-V'
g++: fatal error: no input files
compilation terminated.
configure:4954: $? = 1
configure:4943: g++ -qversion >&5
g++: error: unrecognized command line option '-qversion'; did you mean '--version'?
g++: fatal error: no input files
compilation terminated.
configure:4954: $? = 1
configure:4958: checking whether we are using the GNU C++ compiler
configure:4977: g++ -c   conftest.cpp >&5
configure:4977: $? = 0
configure:4986: result: yes
configure:4995: checking whether g++ accepts -g
configure:5015: g++ -c -g  conftest.cpp >&5
configure:5015: $? = 0
configure:5056: result: yes
configure:5081: checking dependency style of g++
configure:5192: result: gcc3
configure:5260: checking for g77
configure:5290: result: no
configure:5260: checking for xlf
configure:5290: result: no
configure:5260: checking for f77
configure:5290: result: no
configure:5260: checking for frt
configure:5290: result: no
configure:5260: checking for pgf77
configure:5290: result: no
configure:5260: checking for cf77
configure:5290: result: no
configure:5260: checking for fort77
configure:5290: result: no
configure:5260: checking for fl32
configure:5290: result: no
configure:5260: checking for af77
configure:5290: result: no
configure:5260: checking for xlf90
configure:5290: result: no
configure:5260: checking for f90
configure:5290: result: no
configure:5260: checking for pgf90
configure:5290: result: no
configure:5260: checking for pghpf
configure:5290: result: no
configure:5260: checking for epcf90
configure:5290: result: no
configure:5260: checking for gfortran
configure:5276: found /opt/crc/g/gcc/8.3.0/bin/gfortran
configure:5287: result: gfortran
configure:5313: checking for Fortran 77 compiler version
configure:5322: gfortran --version >&5
GNU Fortran (GCC) 8.3.0
Copyright (C) 2018 Free Software Foundation, Inc.
This is free software; see the source for copying conditions.  There is NO
warranty; not even for MERCHANTABILITY or FITNESS FOR A PARTICULAR PURPOSE.

configure:5333: $? = 0
configure:5322: gfortran -v >&5
Using built-in specs.
COLLECT_GCC=gfortran
COLLECT_LTO_WRAPPER=/afs/crc.nd.edu/x86_64_linux/g/gcc/8.3.0/bin/../libexec/gcc/x86_64-pc-linux-gnu/8.3.0/lto-wrapper
Target: x86_64-pc-linux-gnu
Configured with: ./configure --prefix=/opt/crc/g/gcc/8.3.0 --with-mpc=/opt/crc/m/mpc/1.0.3/gcc/4.8.5 --with-mpfr=/opt/crc/m/mpfr/3.1.5/gcc/4.8.5 --with-gmp=/opt/crc/g/gmp/6.1.2/gcc/4.8.5 --with-isl=/opt/crc/i/isl/0.18/gcc/4.8.5 --disable-multilib --enable-lto
Thread model: posix
gcc version 8.3.0 (GCC) 
configure:5333: $? = 0
configure:5322: gfortran -V >&5
gfortran: error: unrecognized command line option '-V'
gfortran: fatal error: no input files
compilation terminated.
configure:5333: $? = 1
configure:5322: gfortran -qversion >&5
gfortran: error: unrecognized command line option '-qversion'; did you mean '--version'?
gfortran: fatal error: no input files
compilation terminated.
configure:5333: $? = 1
configure:5342: checking whether we are using the GNU Fortran 77 compiler
configure:5355: gfortran -c  conftest.F >&5
configure:5355: $? = 0
configure:5364: result: yes
configure:5370: checking whether gfortran accepts -g
configure:5381: gfortran -c -g conftest.f >&5
configure:5381: $? = 0
configure:5389: result: yes
configure:5424: checking how to run the C preprocessor
configure:5455: gcc -E  conftest.c
configure:5455: $? = 0
configure:5469: gcc -E  conftest.c
conftest.c:11:10: fatal error: ac_nonexistent.h: No such file or directory
 #include <ac_nonexistent.h>
          ^~~~~~~~~~~~~~~~~~
compilation terminated.
configure:5469: $? = 1
configure: failed program was:
| /* confdefs.h */
| #define PACKAGE_NAME "RASPA"
| #define PACKAGE_TARNAME "raspa"
| #define PACKAGE_VERSION "2.0"
| #define PACKAGE_STRING "RASPA 2.0"
| #define PACKAGE_BUGREPORT ""
| #define PACKAGE_URL ""
| #define PACKAGE "raspa"
| #define VERSION "2.0"
| /* end confdefs.h.  */
| #include <ac_nonexistent.h>
configure:5494: result: gcc -E
configure:5514: gcc -E  conftest.c
configure:5514: $? = 0
configure:5528: gcc -E  conftest.c
conftest.c:11:10: fatal error: ac_nonexistent.h: No such file or directory
 #include <ac_nonexistent.h>
          ^~~~~~~~~~~~~~~~~~
compilation terminated.
configure:5528: $? = 1
configure: failed program was:
| /* confdefs.h */
| #define PACKAGE_NAME "RASPA"
| #define PACKAGE_TARNAME "raspa"
| #define PACKAGE_VERSION "2.0"
| #define PACKAGE_STRING "RASPA 2.0"
| #define PACKAGE_BUGREPORT ""
| #define PACKAGE_URL ""
| #define PACKAGE "raspa"
| #define VERSION "2.0"
| /* end confdefs.h.  */
| #include <ac_nonexistent.h>
configure:5557: checking for grep that handles long lines and -e
configure:5615: result: /usr/bin/grep
configure:5620: checking for egrep
configure:5682: result: /usr/bin/grep -E
configure:5687: checking for ANSI C header files
configure:5707: gcc -c -g -O2  conftest.c >&5
configure:5707: $? = 0
configure:5780: gcc -o conftest -g -O2   conftest.c  >&5
configure:5780: $? = 0
configure:5780: ./conftest
configure:5780: $? = 0
configure:5791: result: yes
configure:5804: checking for sys/types.h
configure:5804: gcc -c -g -O2  conftest.c >&5
configure:5804: $? = 0
configure:5804: result: yes
configure:5804: checking for sys/stat.h
configure:5804: gcc -c -g -O2  conftest.c >&5
configure:5804: $? = 0
configure:5804: result: yes
configure:5804: checking for stdlib.h
configure:5804: gcc -c -g -O2  conftest.c >&5
configure:5804: $? = 0
configure:5804: result: yes
configure:5804: checking for string.h
configure:5804: gcc -c -g -O2  conftest.c >&5
configure:5804: $? = 0
configure:5804: result: yes
configure:5804: checking for memory.h
configure:5804: gcc -c -g -O2  conftest.c >&5
configure:5804: $? = 0
configure:5804: result: yes
configure:5804: checking for strings.h
configure:5804: gcc -c -g -O2  conftest.c >&5
configure:5804: $? = 0
configure:5804: result: yes
configure:5804: checking for inttypes.h
configure:5804: gcc -c -g -O2  conftest.c >&5
configure:5804: $? = 0
configure:5804: result: yes
configure:5804: checking for stdint.h
configure:5804: gcc -c -g -O2  conftest.c >&5
configure:5804: $? = 0
configure:5804: result: yes
configure:5804: checking for unistd.h
configure:5804: gcc -c -g -O2  conftest.c >&5
configure:5804: $? = 0
configure:5804: result: yes
configure:5818: checking math.h usability
configure:5818: gcc -c -g -O2  conftest.c >&5
configure:5818: $? = 0
configure:5818: result: yes
configure:5818: checking math.h presence
configure:5818: gcc -E  conftest.c
configure:5818: $? = 0
configure:5818: result: yes
configure:5818: checking for math.h
configure:5818: result: yes
configure:5830: checking for string.h
configure:5830: result: yes
configure:5842: checking fftw3.h usability
configure:5842: gcc -c -g -O2  conftest.c >&5
conftest.c:56:10: fatal error: fftw3.h: No such file or directory
 #include <fftw3.h>
          ^~~~~~~~~
compilation terminated.
configure:5842: $? = 1
configure: failed program was:
| /* confdefs.h */
| #define PACKAGE_NAME "RASPA"
| #define PACKAGE_TARNAME "raspa"
| #define PACKAGE_VERSION "2.0"
| #define PACKAGE_STRING "RASPA 2.0"
| #define PACKAGE_BUGREPORT ""
| #define PACKAGE_URL ""
| #define PACKAGE "raspa"
| #define VERSION "2.0"
| #define STDC_HEADERS 1
| #define HAVE_SYS_TYPES_H 1
| #define HAVE_SYS_STAT_H 1
| #define HAVE_STDLIB_H 1
| #define HAVE_STRING_H 1
| #define HAVE_MEMORY_H 1
| #define HAVE_STRINGS_H 1
| #define HAVE_INTTYPES_H 1
| #define HAVE_STDINT_H 1
| #define HAVE_UNISTD_H 1
| #define HAVE_MATH_H 1
| #define HAVE_STRING_H 1
| /* end confdefs.h.  */
| #include <stdio.h>
| #ifdef HAVE_SYS_TYPES_H
| # include <sys/types.h>
| #endif
| #ifdef HAVE_SYS_STAT_H
| # include <sys/stat.h>
| #endif
| #ifdef STDC_HEADERS
| # include <stdlib.h>
| # include <stddef.h>
| #else
| # ifdef HAVE_STDLIB_H
| #  include <stdlib.h>
| # endif
| #endif
| #ifdef HAVE_STRING_H
| # if !defined STDC_HEADERS && defined HAVE_MEMORY_H
| #  include <memory.h>
| # endif
| # include <string.h>
| #endif
| #ifdef HAVE_STRINGS_H
| # include <strings.h>
| #endif
| #ifdef HAVE_INTTYPES_H
| # include <inttypes.h>
| #endif
| #ifdef HAVE_STDINT_H
| # include <stdint.h>
| #endif
| #ifdef HAVE_UNISTD_H
| # include <unistd.h>
| #endif
| #include <fftw3.h>
configure:5842: result: no
configure:5842: checking fftw3.h presence
configure:5842: gcc -E  conftest.c
conftest.c:23:10: fatal error: fftw3.h: No such file or directory
 #include <fftw3.h>
          ^~~~~~~~~
compilation terminated.
configure:5842: $? = 1
configure: failed program was:
| /* confdefs.h */
| #define PACKAGE_NAME "RASPA"
| #define PACKAGE_TARNAME "raspa"
| #define PACKAGE_VERSION "2.0"
| #define PACKAGE_STRING "RASPA 2.0"
| #define PACKAGE_BUGREPORT ""
| #define PACKAGE_URL ""
| #define PACKAGE "raspa"
| #define VERSION "2.0"
| #define STDC_HEADERS 1
| #define HAVE_SYS_TYPES_H 1
| #define HAVE_SYS_STAT_H 1
| #define HAVE_STDLIB_H 1
| #define HAVE_STRING_H 1
| #define HAVE_MEMORY_H 1
| #define HAVE_STRINGS_H 1
| #define HAVE_INTTYPES_H 1
| #define HAVE_STDINT_H 1
| #define HAVE_UNISTD_H 1
| #define HAVE_MATH_H 1
| #define HAVE_STRING_H 1
| /* end confdefs.h.  */
| #include <fftw3.h>
configure:5842: result: no
configure:5842: checking for fftw3.h
configure:5842: result: no
configure:5882: checking build system type
configure:5896: result: x86_64-unknown-linux-gnu
configure:5916: checking host system type
configure:5929: result: x86_64-unknown-linux-gnu
configure:5970: checking how to print strings
configure:5997: result: printf
configure:6018: checking for a sed that does not truncate output
configure:6082: result: /usr/bin/sed
configure:6100: checking for fgrep
configure:6162: result: /usr/bin/grep -F
configure:6197: checking for ld used by gcc
configure:6264: result: /usr/bin/ld
configure:6271: checking if the linker (/usr/bin/ld) is GNU ld
configure:6286: result: yes
configure:6298: checking for BSD- or MS-compatible name lister (nm)
configure:6347: result: /usr/bin/nm -B
configure:6477: checking the name lister (/usr/bin/nm -B) interface
configure:6484: gcc -c -g -O2  conftest.c >&5
configure:6487: /usr/bin/nm -B "conftest.o"
configure:6490: output
0000000000000000 B some_variable
configure:6497: result: BSD nm
configure:6500: checking whether ln -s works
configure:6504: result: yes
configure:6512: checking the maximum length of command line arguments
configure:6642: result: 1572864
configure:6659: checking whether the shell understands some XSI constructs
configure:6669: result: yes
configure:6673: checking whether the shell understands "+="
configure:6679: result: yes
configure:6714: checking how to convert x86_64-unknown-linux-gnu file names to x86_64-unknown-linux-gnu format
configure:6754: result: func_convert_file_noop
configure:6761: checking how to convert x86_64-unknown-linux-gnu file names to toolchain format
configure:6781: result: func_convert_file_noop
configure:6788: checking for /usr/bin/ld option to reload object files
configure:6795: result: -r
configure:6869: checking for objdump
configure:6885: found /usr/bin/objdump
configure:6896: result: objdump
configure:6928: checking how to recognize dependent libraries
configure:7130: result: pass_all
configure:7215: checking for dlltool
configure:7245: result: no
configure:7275: checking how to associate runtime and link libraries
configure:7302: result: printf %s\n
configure:7362: checking for ar
configure:7378: found /usr/bin/ar
configure:7389: result: ar
configure:7426: checking for archiver @FILE support
configure:7443: gcc -c -g -O2  conftest.c >&5
configure:7443: $? = 0
configure:7446: ar cru libconftest.a @conftest.lst >&5
configure:7449: $? = 0
configure:7454: ar cru libconftest.a @conftest.lst >&5
ar: conftest.o: No such file or directory
configure:7457: $? = 1
configure:7469: result: @
configure:7527: checking for strip
configure:7543: found /usr/bin/strip
configure:7554: result: strip
configure:7626: checking for ranlib
configure:7642: found /usr/bin/ranlib
configure:7653: result: ranlib
configure:7755: checking command to parse /usr/bin/nm -B output from gcc object
configure:7875: gcc -c -g -O2  conftest.c >&5
configure:7878: $? = 0
configure:7882: /usr/bin/nm -B conftest.o \| sed -n -e 's/^.*[ ]\([ABCDGIRSTW][ABCDGIRSTW]*\)[ ][ ]*\([_A-Za-z][_A-Za-z0-9]*\)$/\1 \2 \2/p' | sed '/ __gnu_lto/d' \> conftest.nm
configure:7885: $? = 0
configure:7951: gcc -o conftest -g -O2   conftest.c conftstm.o >&5
configure:7954: $? = 0
configure:7992: result: ok
configure:8029: checking for sysroot
configure:8059: result: no
configure:8136: gcc -c -g -O2  conftest.c >&5
configure:8139: $? = 0
configure:8315: checking for mt
configure:8345: result: no
configure:8365: checking if : is a manifest tool
configure:8371: : '-?'
configure:8379: result: no
configure:9018: checking for dlfcn.h
configure:9018: gcc -c -g -O2  conftest.c >&5
configure:9018: $? = 0
configure:9018: result: yes
configure:9236: checking for objdir
configure:9251: result: .libs
configure:9522: checking if gcc supports -fno-rtti -fno-exceptions
configure:9540: gcc -c -g -O2  -fno-rtti -fno-exceptions conftest.c >&5
cc1: warning: command line option '-fno-rtti' is valid for C++/ObjC++ but not for C
configure:9544: $? = 0
configure:9557: result: no
configure:9884: checking for gcc option to produce PIC
configure:9891: result: -fPIC -DPIC
configure:9899: checking if gcc PIC flag -fPIC -DPIC works
configure:9917: gcc -c -g -O2  -fPIC -DPIC -DPIC conftest.c >&5
configure:9921: $? = 0
configure:9934: result: yes
configure:9963: checking if gcc static flag -static works
configure:9991: result: no
configure:10006: checking if gcc supports -c -o file.o
configure:10027: gcc -c -g -O2  -o out/conftest2.o conftest.c >&5
configure:10031: $? = 0
configure:10053: result: yes
configure:10061: checking if gcc supports -c -o file.o
configure:10108: result: yes
configure:10141: checking whether the gcc linker (/usr/bin/ld -m elf_x86_64) supports shared libraries
configure:11294: result: yes
configure:11331: checking whether -lc should be explicitly linked in
configure:11339: gcc -c -g -O2  conftest.c >&5
configure:11342: $? = 0
configure:11357: gcc -shared  -fPIC -DPIC conftest.o  -v -Wl,-soname -Wl,conftest -o conftest 2\>\&1 \| /usr/bin/grep  -lc  \>/dev/null 2\>\&1
configure:11360: $? = 0
configure:11374: result: no
configure:11534: checking dynamic linker characteristics
configure:12045: gcc -o conftest -g -O2   -Wl,-rpath -Wl,/foo conftest.c  >&5
configure:12045: $? = 0
configure:12271: result: GNU/Linux ld.so
configure:12378: checking how to hardcode library paths into programs
configure:12403: result: immediate
configure:12943: checking whether stripping libraries is possible
configure:12948: result: yes
configure:12983: checking if libtool supports shared libraries
configure:12985: result: yes
configure:12988: checking whether to build shared libraries
configure:13009: result: yes
configure:13012: checking whether to build static libraries
configure:13016: result: yes
configure:13039: checking how to run the C++ preprocessor
configure:13066: g++ -E  conftest.cpp
configure:13066: $? = 0
configure:13080: g++ -E  conftest.cpp
conftest.cpp:25:10: fatal error: ac_nonexistent.h: No such file or directory
 #include <ac_nonexistent.h>
          ^~~~~~~~~~~~~~~~~~
compilation terminated.
configure:13080: $? = 1
configure: failed program was:
| /* confdefs.h */
| #define PACKAGE_NAME "RASPA"
| #define PACKAGE_TARNAME "raspa"
| #define PACKAGE_VERSION "2.0"
| #define PACKAGE_STRING "RASPA 2.0"
| #define PACKAGE_BUGREPORT ""
| #define PACKAGE_URL ""
| #define PACKAGE "raspa"
| #define VERSION "2.0"
| #define STDC_HEADERS 1
| #define HAVE_SYS_TYPES_H 1
| #define HAVE_SYS_STAT_H 1
| #define HAVE_STDLIB_H 1
| #define HAVE_STRING_H 1
| #define HAVE_MEMORY_H 1
| #define HAVE_STRINGS_H 1
| #define HAVE_INTTYPES_H 1
| #define HAVE_STDINT_H 1
| #define HAVE_UNISTD_H 1
| #define HAVE_MATH_H 1
| #define HAVE_STRING_H 1
| #define HAVE_DLFCN_H 1
| #define LT_OBJDIR ".libs/"
| /* end confdefs.h.  */
| #include <ac_nonexistent.h>
configure:13105: result: g++ -E
configure:13125: g++ -E  conftest.cpp
configure:13125: $? = 0
configure:13139: g++ -E  conftest.cpp
conftest.cpp:25:10: fatal error: ac_nonexistent.h: No such file or directory
 #include <ac_nonexistent.h>
          ^~~~~~~~~~~~~~~~~~
compilation terminated.
configure:13139: $? = 1
configure: failed program was:
| /* confdefs.h */
| #define PACKAGE_NAME "RASPA"
| #define PACKAGE_TARNAME "raspa"
| #define PACKAGE_VERSION "2.0"
| #define PACKAGE_STRING "RASPA 2.0"
| #define PACKAGE_BUGREPORT ""
| #define PACKAGE_URL ""
| #define PACKAGE "raspa"
| #define VERSION "2.0"
| #define STDC_HEADERS 1
| #define HAVE_SYS_TYPES_H 1
| #define HAVE_SYS_STAT_H 1
| #define HAVE_STDLIB_H 1
| #define HAVE_STRING_H 1
| #define HAVE_MEMORY_H 1
| #define HAVE_STRINGS_H 1
| #define HAVE_INTTYPES_H 1
| #define HAVE_STDINT_H 1
| #define HAVE_UNISTD_H 1
| #define HAVE_MATH_H 1
| #define HAVE_STRING_H 1
| #define HAVE_DLFCN_H 1
| #define LT_OBJDIR ".libs/"
| /* end confdefs.h.  */
| #include <ac_nonexistent.h>
configure:13308: checking for ld used by g++
configure:13375: result: /usr/bin/ld -m elf_x86_64
configure:13382: checking if the linker (/usr/bin/ld -m elf_x86_64) is GNU ld
configure:13397: result: yes
configure:13452: checking whether the g++ linker (/usr/bin/ld -m elf_x86_64) supports shared libraries
configure:14457: result: yes
configure:14493: g++ -c -g -O2  conftest.cpp >&5
configure:14496: $? = 0
configure:15016: checking for g++ option to produce PIC
configure:15023: result: -fPIC -DPIC
configure:15031: checking if g++ PIC flag -fPIC -DPIC works
configure:15049: g++ -c -g -O2  -fPIC -DPIC -DPIC conftest.cpp >&5
configure:15053: $? = 0
configure:15066: result: yes
configure:15089: checking if g++ static flag -static works
configure:15117: result: no
configure:15129: checking if g++ supports -c -o file.o
configure:15150: g++ -c -g -O2  -o out/conftest2.o conftest.cpp >&5
configure:15154: $? = 0
configure:15176: result: yes
configure:15181: checking if g++ supports -c -o file.o
configure:15228: result: yes
configure:15258: checking whether the g++ linker (/usr/bin/ld -m elf_x86_64) supports shared libraries
configure:15294: result: yes
configure:15435: checking dynamic linker characteristics
configure:16106: result: GNU/Linux ld.so
configure:16159: checking how to hardcode library paths into programs
configure:16184: result: immediate
configure:16332: checking if libtool supports shared libraries
configure:16334: result: yes
configure:16337: checking whether to build shared libraries
configure:16357: result: yes
configure:16360: checking whether to build static libraries
configure:16364: result: yes
configure:16685: checking for gfortran option to produce PIC
configure:16692: result: -fPIC
configure:16700: checking if gfortran PIC flag -fPIC works
configure:16718: gfortran -c -g -O2 -fPIC conftest.f >&5
configure:16722: $? = 0
configure:16735: result: yes
configure:16758: checking if gfortran static flag -static works
configure:16786: result: no
configure:16798: checking if gfortran supports -c -o file.o
configure:16819: gfortran -c -g -O2 -o out/conftest2.o conftest.f >&5
configure:16823: $? = 0
configure:16845: result: yes
configure:16850: checking if gfortran supports -c -o file.o
configure:16897: result: yes
configure:16927: checking whether the gfortran linker (/usr/bin/ld -m elf_x86_64) supports shared libraries
configure:18030: result: yes
configure:18171: checking dynamic linker characteristics
configure:18836: result: GNU/Linux ld.so
configure:18889: checking how to hardcode library paths into programs
configure:18914: result: immediate
configure:19115: checking that generated files are newer than configure
configure:19121: result: done
configure:19152: creating ./config.status

## ---------------------- ##
## Running config.status. ##
## ---------------------- ##

This file was extended by RASPA config.status 2.0, which was
generated by GNU Autoconf 2.69.  Invocation command line was

  CONFIG_FILES    = 
  CONFIG_HEADERS  = 
  CONFIG_LINKS    = 
  CONFIG_COMMANDS = 
  $ ./config.status 

on crcfe02.crc.nd.edu

config.status:1178: creating Makefile
config.status:1178: creating src/Makefile
config.status:1178: creating forcefield/Makefile
config.status:1178: creating forcefield/GenericMOFs/Makefile
config.status:1178: creating forcefield/GenericZeolites/Makefile
config.status:1178: creating forcefield/CrystalGenerator/Makefile
config.status:1178: creating forcefield/GarciaPerez2006/Makefile
config.status:1178: creating forcefield/Dubbeldam2007FlexibleIRMOF-1/Makefile
config.status:1178: creating forcefield/Dubbeldam2007FlexibleIRMOF-10/Makefile
config.status:1178: creating forcefield/Dubbeldam2007FlexibleIRMOF-16/Makefile
config.status:1178: creating forcefield/CoreShellCatlow/Makefile
config.status:1178: creating forcefield/CoreShellSchroderSauer/Makefile
config.status:1178: creating forcefield/CoreShellSastreGale2005/Makefile
config.status:1178: creating forcefield/RigidIonKramer1991/Makefile
config.status:1178: creating forcefield/Pascual2004/Makefile
config.status:1178: creating forcefield/AmirjalayerSchmid/Makefile
config.status:1178: creating forcefield/Nicholas/Makefile
config.status:1178: creating forcefield/Dubbeldam2012MIL-100/Makefile
config.status:1178: creating forcefield/Dubbeldam2012MIL-101/Makefile
config.status:1178: creating forcefield/Dzubak2012-IRMOF-1/Makefile
config.status:1178: creating forcefield/Dzubak2012-MgMOF-74/Makefile
config.status:1178: creating forcefield/Dzubak2012-MgMOF-74-extended/Makefile
config.status:1178: creating forcefield/Dzubak2012-ZnMOF-74/Makefile
config.status:1178: creating forcefield/MgMOF-74-Yazaydin/Makefile
config.status:1178: creating forcefield/CastilloVlugtCalero2009/Makefile
config.status:1178: creating forcefield/TraPPE/Makefile
config.status:1178: creating molecules/Makefile
config.status:1178: creating molecules/TraPPE/Makefile
config.status:1178: creating molecules/TraPPE-UA/Makefile
config.status:1178: creating molecules/TraPPE-EH/Makefile
config.status:1178: creating molecules/EPM2/Makefile
config.status:1178: creating molecules/CastilloVlugtCalero2009/Makefile
config.status:1178: creating framework/Makefile
config.status:1178: creating framework/Dubbeldam2007FlexibleIRMOF-1/Makefile
config.status:1178: creating framework/Dubbeldam2007FlexibleIRMOF-10/Makefile
config.status:1178: creating framework/Dubbeldam2007FlexibleIRMOF-16/Makefile
config.status:1178: creating framework/CoreShellCatlow/Makefile
config.status:1178: creating framework/CoreShellSchroderSauer/Makefile
config.status:1178: creating framework/CoreShellSastreGale2005/Makefile
config.status:1178: creating framework/Demontis/Makefile
config.status:1178: creating framework/DemontisModified/Makefile
config.status:1178: creating framework/Nicholas/Makefile
config.status:1178: creating framework/NicholasModified/Makefile
config.status:1178: creating framework/AmirjalayerSchmid/Makefile
config.status:1178: creating structures/Makefile
config.status:1178: creating structures/zeolites/Makefile
config.status:1178: creating structures/mofs/Makefile
config.status:1178: creating structures/minerals/Makefile
config.status:1178: creating structures/ceramics/Makefile
config.status:1178: creating structures/zeolites/cif/Makefile
config.status:1178: creating structures/zeolites/block/Makefile
config.status:1178: creating structures/zeolites/ions/Makefile
config.status:1178: creating structures/mofs/cif/Makefile
config.status:1178: creating structures/mofs/block/Makefile
config.status:1178: creating structures/mofs/ions/Makefile
config.status:1178: creating structures/minerals/cif/Makefile
config.status:1178: creating structures/ceramics/cif/Makefile
config.status:1350: executing depfiles commands
config.status:1350: executing libtool commands

## ---------------- ##
## Cache variables. ##
## ---------------- ##

ac_cv_build=x86_64-unknown-linux-gnu
ac_cv_c_compiler_gnu=yes
ac_cv_cxx_compiler_gnu=yes
ac_cv_env_CCC_set=
ac_cv_env_CCC_value=
ac_cv_env_CC_set=
ac_cv_env_CC_value=
ac_cv_env_CFLAGS_set=
ac_cv_env_CFLAGS_value=
ac_cv_env_CPPFLAGS_set=
ac_cv_env_CPPFLAGS_value=
ac_cv_env_CPP_set=
ac_cv_env_CPP_value=
ac_cv_env_CXXCPP_set=
ac_cv_env_CXXCPP_value=
ac_cv_env_CXXFLAGS_set=
ac_cv_env_CXXFLAGS_value=
ac_cv_env_CXX_set=
ac_cv_env_CXX_value=
ac_cv_env_F77_set=
ac_cv_env_F77_value=
ac_cv_env_FFLAGS_set=
ac_cv_env_FFLAGS_value=
ac_cv_env_LDFLAGS_set=
ac_cv_env_LDFLAGS_value=
ac_cv_env_LIBS_set=
ac_cv_env_LIBS_value=
ac_cv_env_build_alias_set=
ac_cv_env_build_alias_value=
ac_cv_env_host_alias_set=
ac_cv_env_host_alias_value=
ac_cv_env_target_alias_set=
ac_cv_env_target_alias_value=
ac_cv_f77_compiler_gnu=yes
ac_cv_header_dlfcn_h=yes
ac_cv_header_fftw3_h=no
ac_cv_header_inttypes_h=yes
ac_cv_header_math_h=yes
ac_cv_header_memory_h=yes
ac_cv_header_stdc=yes
ac_cv_header_stdint_h=yes
ac_cv_header_stdlib_h=yes
ac_cv_header_string_h=yes
ac_cv_header_strings_h=yes
ac_cv_header_sys_stat_h=yes
ac_cv_header_sys_types_h=yes
ac_cv_header_unistd_h=yes
ac_cv_host=x86_64-unknown-linux-gnu
ac_cv_objext=o
ac_cv_path_EGREP='/usr/bin/grep -E'
ac_cv_path_FGREP='/usr/bin/grep -F'
ac_cv_path_GREP=/usr/bin/grep
ac_cv_path_SED=/usr/bin/sed
ac_cv_path_install='/usr/bin/install -c'
ac_cv_path_mkdir=/usr/bin/mkdir
ac_cv_prog_AWK=gawk
ac_cv_prog_CPP='gcc -E'
ac_cv_prog_CXXCPP='g++ -E'
ac_cv_prog_ac_ct_AR=ar
ac_cv_prog_ac_ct_CC=gcc
ac_cv_prog_ac_ct_CXX=g++
ac_cv_prog_ac_ct_F77=gfortran
ac_cv_prog_ac_ct_OBJDUMP=objdump
ac_cv_prog_ac_ct_RANLIB=ranlib
ac_cv_prog_ac_ct_STRIP=strip
ac_cv_prog_cc_c89=
ac_cv_prog_cc_g=yes
ac_cv_prog_cxx_g=yes
ac_cv_prog_f77_g=yes
ac_cv_prog_make_make_set=yes
ac_cv_search_ddot_=no
ac_cv_search_dsyevd_=no
ac_cv_search_fftw_plan_dft_r2c_1d=no
am_cv_CC_dependencies_compiler_type=gcc3
am_cv_CXX_dependencies_compiler_type=gcc3
am_cv_make_support_nested_variables=yes
lt_cv_ar_at_file=@
lt_cv_archive_cmds_need_lc=no
lt_cv_deplibs_check_method=pass_all
lt_cv_file_magic_cmd='$MAGIC_CMD'
lt_cv_file_magic_test_file=
lt_cv_ld_reload_flag=-r
lt_cv_nm_interface='BSD nm'
lt_cv_objdir=.libs
lt_cv_path_LD=/usr/bin/ld
lt_cv_path_LDCXX='/usr/bin/ld -m elf_x86_64'
lt_cv_path_NM='/usr/bin/nm -B'
lt_cv_path_mainfest_tool=no
lt_cv_prog_compiler_c_o=yes
lt_cv_prog_compiler_c_o_CXX=yes
lt_cv_prog_compiler_c_o_F77=yes
lt_cv_prog_compiler_pic='-fPIC -DPIC'
lt_cv_prog_compiler_pic_CXX='-fPIC -DPIC'
lt_cv_prog_compiler_pic_F77=-fPIC
lt_cv_prog_compiler_pic_works=yes
lt_cv_prog_compiler_pic_works_CXX=yes
lt_cv_prog_compiler_pic_works_F77=yes
lt_cv_prog_compiler_rtti_exceptions=no
lt_cv_prog_compiler_static_works=no
lt_cv_prog_compiler_static_works_CXX=no
lt_cv_prog_compiler_static_works_F77=no
lt_cv_prog_gnu_ld=yes
lt_cv_prog_gnu_ldcxx=yes
lt_cv_sharedlib_from_linklib_cmd='printf %s\n'
lt_cv_shlibpath_overrides_runpath=no
lt_cv_sys_global_symbol_pipe='sed -n -e '\''s/^.*[	 ]\([ABCDGIRSTW][ABCDGIRSTW]*\)[	 ][	 ]*\([_A-Za-z][_A-Za-z0-9]*\)$/\1 \2 \2/p'\'' | sed '\''/ __gnu_lto/d'\'''
lt_cv_sys_global_symbol_to_c_name_address='sed -n -e '\''s/^: \([^ ]*\)[ ]*$/  {\"\1\", (void *) 0},/p'\'' -e '\''s/^[ABCDGIRSTW]* \([^ ]*\) \([^ ]*\)$/  {"\2", (void *) \&\2},/p'\'''
lt_cv_sys_global_symbol_to_c_name_address_lib_prefix='sed -n -e '\''s/^: \([^ ]*\)[ ]*$/  {\"\1\", (void *) 0},/p'\'' -e '\''s/^[ABCDGIRSTW]* \([^ ]*\) \(lib[^ ]*\)$/  {"\2", (void *) \&\2},/p'\'' -e '\''s/^[ABCDGIRSTW]* \([^ ]*\) \([^ ]*\)$/  {"lib\2", (void *) \&\2},/p'\'''
lt_cv_sys_global_symbol_to_cdecl='sed -n -e '\''s/^T .* \(.*\)$/extern int \1();/p'\'' -e '\''s/^[ABCDGIRSTW]* .* \(.*\)$/extern char \1;/p'\'''
lt_cv_sys_max_cmd_len=1572864
lt_cv_to_host_file_cmd=func_convert_file_noop
lt_cv_to_tool_file_cmd=func_convert_file_noop

## ----------------- ##
## Output variables. ##
## ----------------- ##

ACLOCAL='${SHELL} /afs/crc.nd.edu/user/k/kmukherj/raspa2/missing aclocal-1.13'
AMDEPBACKSLASH='\'
AMDEP_FALSE='#'
AMDEP_TRUE=''
AMTAR='$${TAR-tar}'
AM_BACKSLASH='\'
AM_DEFAULT_V='$(AM_DEFAULT_VERBOSITY)'
AM_DEFAULT_VERBOSITY='1'
AM_V='$(V)'
AR='ar'
AUTOCONF='${SHELL} /afs/crc.nd.edu/user/k/kmukherj/raspa2/missing autoconf'
AUTOHEADER='${SHELL} /afs/crc.nd.edu/user/k/kmukherj/raspa2/missing autoheader'
AUTOMAKE='${SHELL} /afs/crc.nd.edu/user/k/kmukherj/raspa2/missing automake-1.13'
AWK='gawk'
CC='gcc'
CCDEPMODE='depmode=gcc3'
CFLAGS='-g -O2'
CPP='gcc -E'
CPPFLAGS=''
CXX='g++'
CXXCPP='g++ -E'
CXXDEPMODE='depmode=gcc3'
CXXFLAGS='-g -O2'
CYGPATH_W='echo'
DEFS='-DPACKAGE_NAME=\"RASPA\" -DPACKAGE_TARNAME=\"raspa\" -DPACKAGE_VERSION=\"2.0\" -DPACKAGE_STRING=\"RASPA\ 2.0\" -DPACKAGE_BUGREPORT=\"\" -DPACKAGE_URL=\"\" -DPACKAGE=\"raspa\" -DVERSION=\"2.0\" -DSTDC_HEADERS=1 -DHAVE_SYS_TYPES_H=1 -DHAVE_SYS_STAT_H=1 -DHAVE_STDLIB_H=1 -DHAVE_STRING_H=1 -DHAVE_MEMORY_H=1 -DHAVE_STRINGS_H=1 -DHAVE_INTTYPES_H=1 -DHAVE_STDINT_H=1 -DHAVE_UNISTD_H=1 -DHAVE_MATH_H=1 -DHAVE_STRING_H=1 -DHAVE_DLFCN_H=1 -DLT_OBJDIR=\".libs/\"'
DEPDIR='.deps'
DLLTOOL='false'
DSYMUTIL=''
DUMPBIN=''
ECHO_C=''
ECHO_N='-n'
ECHO_T=''
EGREP='/usr/bin/grep -E'
EXEEXT=''
F77='gfortran'
FFLAGS='-g -O2'
FGREP='/usr/bin/grep -F'
GREP='/usr/bin/grep'
INSTALL_DATA='${INSTALL} -m 644'
INSTALL_PROGRAM='${INSTALL}'
INSTALL_SCRIPT='${INSTALL}'
INSTALL_STRIP_PROGRAM='$(install_sh) -c -s'
LD='/usr/bin/ld -m elf_x86_64'
LDFLAGS=''
LIBOBJS=''
LIBS=''
LIBTOOL='$(SHELL) $(top_builddir)/libtool'
LIPO=''
LN_S='ln -s'
LTLIBOBJS=''
MAKEINFO='${SHELL} /afs/crc.nd.edu/user/k/kmukherj/raspa2/missing makeinfo'
MANIFEST_TOOL=':'
MKDIR_P='/usr/bin/mkdir -p'
NM='/usr/bin/nm -B'
NMEDIT=''
OBJDUMP='objdump'
OBJEXT='o'
OTOOL64=''
OTOOL=''
PACKAGE='raspa'
PACKAGE_BUGREPORT=''
PACKAGE_NAME='RASPA'
PACKAGE_STRING='RASPA 2.0'
PACKAGE_TARNAME='raspa'
PACKAGE_URL=''
PACKAGE_VERSION='2.0'
PATH_SEPARATOR=':'
RANLIB='ranlib'
SED='/usr/bin/sed'
SET_MAKE=''
SHELL='/bin/sh'
STRIP='strip'
VERSION='2.0'
ac_ct_AR='ar'
ac_ct_CC='gcc'
ac_ct_CXX='g++'
ac_ct_DUMPBIN=''
ac_ct_F77='gfortran'
am__EXEEXT_FALSE=''
am__EXEEXT_TRUE='#'
am__fastdepCC_FALSE='#'
am__fastdepCC_TRUE=''
am__fastdepCXX_FALSE='#'
am__fastdepCXX_TRUE=''
am__include='include'
am__isrc=''
am__leading_dot='.'
am__nodep='_no'
am__quote=''
am__tar='$${TAR-tar} chof - "$$tardir"'
am__untar='$${TAR-tar} xf -'
bindir='${exec_prefix}/bin'
build='x86_64-unknown-linux-gnu'
build_alias=''
build_cpu='x86_64'
build_os='linux-gnu'
build_vendor='unknown'
datadir='${datarootdir}'
datarootdir='${prefix}/share'
docdir='${datarootdir}/doc/${PACKAGE_TARNAME}'
dvidir='${docdir}'
exec_prefix='${prefix}'
host='x86_64-unknown-linux-gnu'
host_alias=''
host_cpu='x86_64'
host_os='linux-gnu'
host_vendor='unknown'
htmldir='${docdir}'
includedir='${prefix}/include'
infodir='${datarootdir}/info'
install_sh='${SHELL} /afs/crc.nd.edu/user/k/kmukherj/raspa2/install-sh'
libdir='${exec_prefix}/lib'
libexecdir='${exec_prefix}/libexec'
localedir='${datarootdir}/locale'
localstatedir='${prefix}/var'
mandir='${datarootdir}/man'
mkdir_p='$(MKDIR_P)'
oldincludedir='/usr/include'
pdfdir='${docdir}'
prefix=''
program_transform_name='s,x,x,'
psdir='${docdir}'
sbindir='${exec_prefix}/sbin'
sharedstatedir='${prefix}/com'
sysconfdir='${prefix}/etc'
target_alias=''

## ----------- ##
## confdefs.h. ##
## ----------- ##

/* confdefs.h */
#define PACKAGE_NAME "RASPA"
#define PACKAGE_TARNAME "raspa"
#define PACKAGE_VERSION "2.0"
#define PACKAGE_STRING "RASPA 2.0"
#define PACKAGE_BUGREPORT ""
#define PACKAGE_URL ""
#define PACKAGE "raspa"
#define VERSION "2.0"
#define STDC_HEADERS 1
#define HAVE_SYS_TYPES_H 1
#define HAVE_SYS_STAT_H 1
#define HAVE_STDLIB_H 1
#define HAVE_STRING_H 1
#define HAVE_MEMORY_H 1
#define HAVE_STRINGS_H 1
#define HAVE_INTTYPES_H 1
#define HAVE_STDINT_H 1
#define HAVE_UNISTD_H 1
#define HAVE_MATH_H 1
#define HAVE_STRING_H 1
#define HAVE_DLFCN_H 1
#define LT_OBJDIR ".libs/"

configure: exit 0
